<?xml version="1.0" encoding="UTF-8"?>
<!-- Generated by org.testng.reporters.JUnitReportReporter -->
<testsuite hostname="OMAR-ABU-SNINEH" failures="0" tests="6" name="SecondLessonAutomation.SwagLabsSite" time="28.219" errors="0" timestamp="2024-08-05T11:57:43 EET" skipped="0">
  <testcase classname="SecondLessonAutomation.SwagLabsSite" name="login" time="0.839"/>
  <system-out/>
  <testcase classname="SecondLessonAutomation.SwagLabsSite" name="addItemsToCart" time="4.386"/>
  <system-out/>
  <testcase classname="SecondLessonAutomation.SwagLabsSite" name="checkout" time="8.716"/>
  <system-out/>
  <testcase classname="SecondLessonAutomation.SwagLabsSite" name="addItemsFromCardPage" time="9.859"/>
  <system-out/>
  <testcase classname="SecondLessonAutomation.SwagLabsSite" name="removeAllItemsFromCart" time="3.314"/>
  <system-out/>
  <testcase classname="SecondLessonAutomation.SwagLabsSite" name="logout" time="1.105"/>
  <system-out/>
</testsuite> <!-- SecondLessonAutomation.SwagLabsSite -->
